Function=setup_db timing=0.24530950199999996 rows=N/A
Function=insert_row timing=0.0009468180000000714 rows=1
Function=insert_row timing=0.0004227769999999298 rows=1
Function=insert_row timing=0.00039583700000001 rows=1
Function=insert_row timing=0.000467960000000045 rows=1
Function=insert_row timing=0.00038591100000007206 rows=1
Function=insert_row timing=0.00039101400000007835 rows=1
Function=insert_row timing=0.0003918800000000111 rows=1
Function=insert_row timing=0.0003754830000000098 rows=1
Function=insert_row timing=0.0003770619999999836 rows=1
Function=insert_row timing=0.0003823560000000281 rows=1
Function=import_csv_data timing=0.006411527000000028 rows=10
Function=insert_row timing=0.0008050619999999675 rows=1
Function=insert_row timing=0.00038199199999999767 rows=1
Function=insert_row timing=0.00034650000000002734 rows=1
Function=insert_row timing=0.0003463940000000276 rows=1
Function=insert_row timing=0.00034458999999997797 rows=1
Function=insert_row timing=0.00032898400000003214 rows=1
Function=insert_row timing=0.00044731799999997435 rows=1
Function=insert_row timing=0.00039740500000007284 rows=1
Function=insert_row timing=0.00036246700000008847 rows=1
Function=insert_row timing=0.0003686210000000134 rows=1
Function=import_csv_data timing=0.005952216999999926 rows=10
Function=insert_row timing=0.045516927000000096 rows=1
Function=insert_row timing=0.0007956620000000303 rows=1
Function=insert_row timing=0.0006306070000000608 rows=1
Function=insert_row timing=0.0005461449999999424 rows=1
Function=insert_row timing=0.0005180769999999502 rows=1
Function=insert_row timing=0.0005042979999999586 rows=1
Function=insert_row timing=0.0004834340000000603 rows=1
Function=insert_row timing=0.0005127179999999676 rows=1
Function=insert_row timing=0.00039621499999997756 rows=1
Function=import_csv_data timing=0.05208484099999999 rows=9
Function=import_data timing=0.0649006150000001 rows=N/A
Function=show_available_products timing=0.0006120530000000013 rows=7
Function=show_rentals timing=0.0013412259999999732 rows=2
