# python3 -m pylint --rcfile=pylintrc src/*.py > pylint.log 2>&1


Report
======
199 statements analysed.

Statistics by type
------------------

+---------+-------+-----------+-----------+------------+---------+
|type     |number |old number |difference |%documented |%badname |
+=========+=======+===========+===========+============+=========+
|module   |3      |3          |=          |100.00      |0.00     |
+---------+-------+-----------+-----------+------------+---------+
|class    |0      |0          |=          |0           |0        |
+---------+-------+-----------+-----------+------------+---------+
|method   |0      |0          |=          |0           |0        |
+---------+-------+-----------+-----------+------------+---------+
|function |16     |16         |=          |100.00      |0.00     |
+---------+-------+-----------+-----------+------------+---------+



External dependencies
---------------------
::

    pymongo (database)



Raw metrics
-----------

+----------+-------+------+---------+-----------+
|type      |number |%     |previous |difference |
+==========+=======+======+=========+===========+
|code      |221    |73.18 |221      |=          |
+----------+-------+------+---------+-----------+
|docstring |39     |12.91 |39       |=          |
+----------+-------+------+---------+-----------+
|comment   |16     |5.30  |16       |=          |
+----------+-------+------+---------+-----------+
|empty     |26     |8.61  |26       |=          |
+----------+-------+------+---------+-----------+



Duplication
-----------

+-------------------------+------+---------+-----------+
|                         |now   |previous |difference |
+=========================+======+=========+===========+
|nb duplicated lines      |0     |0        |=          |
+-------------------------+------+---------+-----------+
|percent duplicated lines |0.000 |0.000    |=          |
+-------------------------+------+---------+-----------+



Messages by category
--------------------

+-----------+-------+---------+-----------+
|type       |number |previous |difference |
+===========+=======+=========+===========+
|convention |0      |0        |=          |
+-----------+-------+---------+-----------+
|refactor   |0      |0        |=          |
+-----------+-------+---------+-----------+
|warning    |0      |0        |=          |
+-----------+-------+---------+-----------+
|error      |0      |0        |=          |
+-----------+-------+---------+-----------+




--------------------------------------------------------------------
Your code has been rated at 10.00/10 (previous run: 10.00/10, +0.00)

